<?xml version="1.0" encoding="UTF-8"?>
<!-- Generated by org.testng.reporters.JUnitXMLReporter -->
<testsuite hostname="MININT-HAVGISG" name="Default test" tests="4" failures="0" timestamp="29 Dec 2015 02:26:19 GMT" time="2.264" errors="0">
  <testcase name="testA1" time="0.423" classname="com.selenium.framework.suiteA.TestA1"/>
  <testcase name="testA1" time="0.464" classname="com.selenium.framework.suiteA.TestA1"/>
  <testcase name="testA1" time="0.467" classname="com.selenium.framework.suiteA.TestA1"/>
  <testcase name="testA1" time="0.488" classname="com.selenium.framework.suiteA.TestA1"/>
</testsuite> <!-- Default test -->
