<?xml version="1.0" encoding="UTF-8"?>
<!-- Generated by org.testng.reporters.JUnitXMLReporter -->
<testsuite hostname="MININT-HAVGISG" name="Test A2" tests="3" failures="0" timestamp="6 Jan 2016 03:18:01 GMT" time="0.351" errors="0">
  <testcase name="testA2" time="0.245" classname="com.selenium.framework.suiteA.TestA2"/>
  <testcase name="testA2" time="0.246" classname="com.selenium.framework.suiteA.TestA2"/>
  <testcase name="testA2" time="0.271" classname="com.selenium.framework.suiteA.TestA2"/>
</testsuite> <!-- Test A2 -->
