<?xml version="1.0" encoding="UTF-8"?>
<!-- Generated by org.testng.reporters.JUnitXMLReporter -->
<testsuite hostname="MININT-HAVGISG" name="Test B1" tests="3" failures="0" timestamp="6 Jan 2016 03:18:02 GMT" time="0.557" errors="0">
  <testcase name="testB1" time="0.22" classname="com.selenium.framework.suiteB.TestB1">
    <skipped/>
  </testcase> <!-- testB1 -->
  <testcase name="testB1" time="0.278" classname="com.selenium.framework.suiteB.TestB1">
    <skipped/>
  </testcase> <!-- testB1 -->
  <testcase name="testB1" time="0.298" classname="com.selenium.framework.suiteB.TestB1"/>
</testsuite> <!-- Test B1 -->
